0:100  0:100  MemLog inited, TSC freq: 3696499300
0:100  0:000  CPU was calibrated with RTC
0:100  0:000  
0:100  0:000  Now is 5.2.2018,  9:57:24 (GMT)
0:100  0:000  Starting Clover revision: 4392 on American Megatrends EFI
0:100  0:000  Build with: [Args: -D NO_GRUB_DRIVERS_EMBEDDED -t XCODE8 | -D NO_GRUB_DRIVERS_EMBEDDED -D USE_LOW_EBDA -a X64 -b RELEASE -t XCODE8 -n 5 | OS: 10.12.6 | XCODE: 9.2]
0:100  0:000  SelfDevicePath=PciRoot(0x0)\Pci(0x17,0x0)\Sata(0x1,0xFFFF,0x0)\HD(6,GPT,EF09662F-1760-46D9-BC50-7504E2CCF959,0x71B42800,0x63800) @790BC218
0:100  0:000  SelfDirPath = \EFI\BOOT
0:101  0:001  === [ Get Smbios ] ========================================
0:101  0:000  Type 16 Index = 0
0:101  0:000  Total Memory Slots Count = 4
0:101  0:000  Type 17 Index = 0
0:101  0:000  Ignoring insane frequency value 0MHz
0:101  0:000  SmbiosTable.Type17->Speed = 0MHz
0:101  0:000  SmbiosTable.Type17->Size = 0MB
0:101  0:000  SmbiosTable.Type17->Bank/Device = BANK 0 ChannelA-DIMM0
0:101  0:000  SmbiosTable.Type17->Vendor = <null string>
0:101  0:000  SmbiosTable.Type17->SerialNumber = <null string>
0:101  0:000  SmbiosTable.Type17->PartNumber = <null string>
0:101  0:000  Type 17 Index = 1
0:101  0:000  SmbiosTable.Type17->Speed = 2400MHz
0:101  0:000  SmbiosTable.Type17->Size = 8192MB
0:101  0:000  SmbiosTable.Type17->Bank/Device = BANK 1 ChannelA-DIMM1
0:101  0:000  SmbiosTable.Type17->Vendor = 04EF
0:101  0:000  SmbiosTable.Type17->SerialNumber = 0104AB03
0:101  0:000  SmbiosTable.Type17->PartNumber = Team-Elite-2400     
0:101  0:000  Type 17 Index = 2
0:101  0:000  Ignoring insane frequency value 0MHz
0:101  0:000  SmbiosTable.Type17->Speed = 0MHz
0:101  0:000  SmbiosTable.Type17->Size = 0MB
0:101  0:000  SmbiosTable.Type17->Bank/Device = BANK 2 ChannelB-DIMM0
0:101  0:000  SmbiosTable.Type17->Vendor = <null string>
0:101  0:000  SmbiosTable.Type17->SerialNumber = <null string>
0:101  0:000  SmbiosTable.Type17->PartNumber = <null string>
0:101  0:000  Type 17 Index = 3
0:101  0:000  SmbiosTable.Type17->Speed = 2400MHz
0:101  0:000  SmbiosTable.Type17->Size = 8192MB
0:101  0:000  SmbiosTable.Type17->Bank/Device = BANK 3 ChannelB-DIMM1
0:101  0:000  SmbiosTable.Type17->Vendor = 04EF
0:101  0:000  SmbiosTable.Type17->SerialNumber = 0104496C
0:101  0:000  SmbiosTable.Type17->PartNumber = TEAMGROUP-UD4-2400  
0:101  0:000  Boot status=0
0:101  0:000  Running on: 'To Be Filled By O.E.M.' with board 'Z370M Pro4'
0:101  0:000  === [ GetCPUProperties ] ==================================
0:101  0:000  CPU Vendor = 756E6547 Model=906EA
0:101  0:000   The CPU supported SSE4.1
0:101  0:000  BrandString = Intel(R) Core(TM) i7-8700K CPU @ 3.70GHz
0:101  0:000   The CPU supported turbo
0:101  0:000  MSR 0x35               6000C
0:101  0:000   TSC/CCC Information Leaf:
0:101  0:000    numerator     : 308
0:101  0:000    denominator   : 2
0:101  0:000   Calibrated ARTFrequency: 24003242
0:101  0:000  MSR 0xE2 before patch 00000000
0:101  0:000  MSR 0xCE              08080838_F1012500
0:101  0:000  corrected FLEX_RATIO = E0000
0:101  0:000  FSBFrequency = 100 MHz, DMI FSBFrequency = 100 MHz, Corrected FSBFrequency = 100 MHz
0:101  0:000  MaxDiv/MinDiv: 37.0/8
0:101  0:000  Turbo: 49/49/49/49
0:101  0:000  Features: 0xBFEBFBFF
0:101  0:000  Threads: 12
0:101  0:000  Cores: 6
0:101  0:000  FSB: 100 MHz
0:101  0:000  CPU: 3700 MHz
0:101  0:000  TSC: 3700 MHz
0:101  0:000  PIS: 100 MHz
0:101  0:000  ExternalClock: 25 MHz
0:101  0:000  === [ GetDevices ] ========================================
0:101  0:000  PCI (00|00:00.00) : 8086 3EC2 class=060000
0:101  0:000  PCI (00|00:02.00) : 8086 3E92 class=030000
0:101  0:000   - GFX: Model=Intel UHD Graphics 630 (Intel)
0:101  0:000  PCI (00|00:14.00) : 8086 A2AF class=0C0330
0:101  0:000  PCI (00|00:14.02) : 8086 A2B1 class=118000
0:102  0:000  PCI (00|00:16.00) : 8086 A2BA class=078000
0:102  0:000  PCI (00|00:17.00) : 8086 A282 class=010601
0:102  0:000  PCI (00|00:1B.00) : 8086 A2E7 class=060400
0:102  0:000  PCI (00|00:1B.02) : 8086 A2E9 class=060400
0:102  0:000  PCI (00|00:1B.03) : 8086 A2EA class=060400
0:102  0:000  PCI (00|03:00.00) : 14E4 43B1 class=028000
0:102  0:000   - WIFI: Vendor=Broadcom
0:102  0:000  PCI (00|00:1B.04) : 8086 A2EB class=060400
0:102  0:000  PCI (00|04:00.00) : 1987 5007 class=010802
0:102  0:000  PCI (00|00:1F.00) : 8086 A2C9 class=060100
0:102  0:000  PCI (00|00:1F.02) : 8086 A2A1 class=058000
0:102  0:000  PCI (00|00:1F.03) : 8086 A2F0 class=040300
0:102  0:000  PCI (00|00:1F.04) : 8086 A2A3 class=0C0500
0:102  0:000  PCI (00|00:1F.06) : 8086 15B8 class=020000
0:102  0:000   - LAN: 0 Vendor=Intel
0:102  0:000  === [ GetDefaultSettings ] ================================
0:102  0:000  Clover load options size = 0 bytes
0:151  0:049  EFI\CLOVER\config.plist loaded: Success
0:151  0:000  === [ GetListOfThemes ] ===================================
0:178  0:026  - [00]: metal
0:211  0:033  - [01]: hmf
0:231  0:020  - [02]: Beauty
0:250  0:019  - [03]: alienware
0:276  0:025  - [04]: BGM
0:316  0:039  - [05]: random
0:343  0:027  - [05]: Space
0:346  0:003  - [06]: embedded
0:372  0:025  === [ Found config plists ] ===============================
0:373  0:001  - config.plist
0:374  0:000  === [ GetEarlyUserSettings ] ==============================
0:374  0:000  timeout set to 3
0:374  0:000  Custom boot CUSTOM_BOOT_DISABLED (0x0)
0:374  0:000  KextsToPatch: 35 requested
0:374  0:000   - [00]: ASGFB (HDMI) :: BinPatch :: data len: 16
0:374  0:000   - [01]: AirPortBrcm4360 (10.12-BCM94352-fvco-darkvoid) :: BinPatch :: data len: 8
0:374  0:000   - [02]: AirPortBrcm4360 (10.11+-BCM94352-5GHz-US-FCC-darkvoid) :: BinPatch :: data len: 7
0:374  0:000   - [03]: AirPortBrcm4360 (10.11+-BCM94352-Airport-Extreme-skvo) :: BinPatch :: data len: 6
0:374  0:000   - [04]: AirPortBrcm4360 (10.12-BCM94352-0x43b114e4-Info.plist-bpresles) :: PlistPatch :: data len: 29
0:374  0:000   - [05]: AirPortBrcm4360 (10.11-BCM94352-CC=#a-Ramalama) :: BinPatch :: data len: 7
0:374  0:000   - [06]: AirPortBrcm4360 (10.11+-BCM94352-Whitelest-0x4331-iMac14,3-skvo) :: BinPatch :: data len: 20
0:374  0:000   - [07]: AirPortBrcm4360 (10.11+-BCM94352-Whitelest-0x4353-MacBoolAir5,2-skvo) :: BinPatch :: data len: 20
0:374  0:000   - [08]: AirPortBrcm4360 (10.10-BCM94352-5GHz-US-FCC-dv) :: BinPatch :: data len: 7
0:374  0:000   - [09]: AirPortBrcm4360 (10.9-BCM94352-5 GHz) :: BinPatch :: data len: 3
0:374  0:000   - [10]: AirPortBrcm4360 (AirPortBrcm4360 whitelist patch (board-id), 10.12.dp1, credit RehabMan) :: BinPatch :: data len: 8
0:374  0:000   - [11]: AppleAHCIPort (Make all drives to be internal) :: BinPatch :: data len: 8
0:374  0:000   - [12]: AppleAHCIPort (External icons patch) :: BinPatch :: data len: 8
0:374  0:000   - [13]: AppleAPIC (Skylake APIC fix, discovered by Pike R. Alpha) :: BinPatch :: data len: 6
0:374  0:000   - [14]: IOAHCIBlockStorage (TRIM function for non-Apple SSDs) :: BinPatch :: data len: 10
0:374  0:000   - [15]: IOBluetoothFamily (10.11+-BT4LE-Handoff-Hotspot-lisai9093) :: BinPatch :: data len: 8
0:374  0:000   - [16]: IONVMeFamily (IONVMeFamily Pike R. Alpha Patch#1) :: BinPatch :: data len: 10
0:374  0:000   - [17]: IONVMeFamily (IONVMeFamily Pike R. Alpha Patch#2) :: BinPatch :: data len: 16
0:374  0:000   - [18]: IONVMeFamily (IONVMeFamily Pike R. Alpha Patch#3) :: BinPatch :: data len: 16
0:374  0:000   - [19]: IONVMeFamily (IONVMeFamily Pike R. Alpha Patch#4) :: BinPatch :: data len: 16
0:374  0:000   - [20]: IONVMeFamily (IONVMeFamily Pike R. Alpha Patch#5) :: BinPatch :: data len: 16
0:374  0:000   - [21]: IONVMeFamily (IONVMeFamily Pike R. Alpha Patch#6_7) :: BinPatch :: data len: 20
0:374  0:000   - [22]: IONVMeFamily (IONVMeFamily Pike R. Alpha Patch#8) :: BinPatch :: data len: 16
0:374  0:000   - [23]: IONVMeFamily (IONVMeFamily Pike R. Alpha Patch#9_10) :: BinPatch :: data len: 44
0:374  0:000   - [24]: IONVMeFamily (IONVMeFamily Pike R. Alpha Patch#11) :: BinPatch :: data len: 16
0:374  0:000   - [25]: IONVMeFamily (IONVMeFamily Pike R. Alpha Patch#12) :: BinPatch :: data len: 16
0:374  0:000   - [26]: IONVMeFamily (IONVMeFamily Pike R. Alpha Patch#13) :: BinPatch :: data len: 16
0:374  0:000   - [27]: IONVMeFamily (IONVMeFamily Pike R. Alpha Patch#14) :: BinPatch :: data len: 16
0:374  0:000   - [28]: IONVMeFamily (IONVMeFamily Pike R. Alpha Patch#15) :: BinPatch :: data len: 16
0:374  0:000   - [29]: IONVMeFamily (IONVMeFamily Pike R. Alpha Patch#16) :: BinPatch :: data len: 16
0:374  0:000   - [30]: IONVMeFamily (IONVMeFamily Pike R. Alpha Patch#17) :: BinPatch :: data len: 16
0:374  0:000   - [31]: com.apple.iokit.IOAHCIBlockStorage (Enable TRIM for SSD) :: BinPatch :: data len: 11
0:374  0:000   - [32]: IOBluetoothFamily (Enable Handoff GMYLE Bluetooth (Yosemite, Sierra)) :: BinPatch :: data len: 8
0:374  0:000   - [33]: AppleUSBXHCIPCI (Change 15 port limit to 24 in XHCI kext 10.13 PB1) :: BinPatch :: data len: 4
0:374  0:000   - [34]: AppleHDA (Patching 10ec0885 with 10ec0892 codec (patched by AppleHDA Patcher.app)) :: BinPatch :: data len: 4
0:374  0:000   - patch disabled at config
0:374  0:000  KernelToPatch: 1 requested
0:374  0:000   - [00]: msr 0xe2 _xcpm_idle instant reboot :: MatchOS: 10.12 :: data len: 8
0:374  0:000  Default theme: Beauty
0:374  0:000  === [ LoadDrivers ] =======================================
0:392  0:018  Loading apfs.efi  status=Success
0:423  0:031   - driver needs connecting
0:423  0:000  Loading AppleImageCodec-64.efi  status=Success
0:427  0:004  Loading AppleKeyAggregator-64.efi  status=Success
0:431  0:003  Loading AppleUITheme-64.efi  status=Success
0:435  0:003  Loading DataHubDxe-64.efi  status=Success
0:440  0:005  Loading FirmwareVolume-64.efi  status=Success
0:445  0:004  Loading FSInject-64.efi  status=Success
0:468  0:022  Loading SMCHelper-64.efi  status=Success
0:486  0:018  Loading VBoxHfs-64.efi  status=Success
0:504  0:017   - driver needs connecting
0:504  0:000  Loading Fat-64.efi  status=Success
0:528  0:024   - driver needs connecting
0:528  0:000  Loading OsxAptioFix2Drv-64.efi  status=Success
0:532  0:003  Loading OsxFatBinaryDrv-64.efi  status=Success
0:548  0:015  3 drivers needs connecting ...
0:548  0:000  PlatformDriverOverrideProtocol->GetDriver overriden
0:548  0:000  APFS driver loaded
0:548  0:000  Searching for invalid DiskIo BY_DRIVER connects: not found, all ok
0:909  0:361  === [ InitScreen ] ========================================
0:909  0:000  SetScreenResolution: 1920x1080 - not found!
0:909  0:000  SetMaxResolution: found best mode 0: 800x600
0:909  0:000   - already set
0:909  0:000  Console modes reported: 4, available modes:
0:909  0:000   - [01]: 80x25 (current mode)
0:909  0:000   - [03]: 100x31
0:909  0:000   - [04]: 100x31
0:909  0:000  reinit: self device path=PciRoot(0x0)\Pci(0x17,0x0)\Sata(0x1,0xFFFF,0x0)\HD(6,GPT,EF09662F-1760-46D9-BC50-7504E2CCF959,0x71B42800,0x63800)
0:911  0:001  Using embedded font: Success
0:912  0:000  === [ GetMacAddress ] =====================================
0:912  0:000   get legacy LAN MAC, 1 card found
0:912  0:000  Legacy MAC address of LAN #0= 70:85:C2:6B:41:75:
0:912  0:000  === [ ScanSPD ] ===========================================
0:912  0:000  SMBus device : 8086 A2A3 class=0C0500 status=Success
0:912  0:000  SMBus CmdReg: 0x3
0:912  0:000  Scanning SMBus [8086:A2A3], mmio: 0xDF44A004, ioport: 0xF040, hostc: 0x1
0:912  0:000  Slots to scan [8]...
0:913  0:000  SPD[1]: Got invalid type 0 @0x51. Will set page and retry.
0:913  0:000  SPD[1]: Type 12 @0x51
0:931  0:017  Not using XMP because it is not present
0:931  0:000  DDR speed 2400MHz
0:931  0:000  Slot: 1 Type 26 8192MB 2400MHz Vendor=Team Group PartNo=Team-Elite-2400 SerialNo=000100040A0B0003
0:932  0:000  SPD[3]: Type 12 @0x53
0:950  0:017  XMP Profile1: 7*125 -42 ns
0:950  0:000  Found module with XMP version 2.0
0:950  0:000  Using XMP Profile1 instead of standard frequency 2132MHz
0:950  0:000  DDR speed 2400MHz
0:950  0:000  Slot: 3 Type 26 8192MB 2400MHz Vendor=Team Group PartNo=TEAMGROUP-UD4-2400 SerialNo=000100040409060C
0:950  0:000  === [ GetAcpiTablesList ] =================================
0:950  0:000  Get Acpi Tables List from RSDT:
0:950  0:000   - [00]: FACP  A M I  len=132
0:950  0:000   - [01]: APIC  A M I  len=244
0:950  0:000   - [02]: FPDT  A M I  len=68
0:950  0:000   - [03]: FIDT  A M I len=156
0:950  0:000   - [04]: MCFG  A M I  len=60
0:950  0:000   - [05]: SSDT  SataTabl len=931
0:950  0:000   - [06]: SSDT  SaSsdt  len=12630
0:950  0:000   - [07]: HPET  KBL len=56
0:950  0:000   - [08]: SSDT  xh_kbl_s len=2609
0:950  0:000   - [09]: UEFI  A M I  len=66
0:950  0:000   - [10]: SSDT  CpuSsdt len=6062
0:950  0:000   - [11]: AAFT  OEMAAFT  len=1124
0:950  0:000   - [12]: LPIT  KBL len=148
0:950  0:000   - [13]: SSDT  HdaDsp len=321
0:950  0:000   - [14]: SSDT  TbtTypeC len=1303
0:950  0:000   - [15]: DBGP   len=52
0:950  0:000   - [16]: DBG2   len=84
0:950  0:000   - [17]: BGRT  A M I  len=56
0:950  0:000   - [18]: WSMT  A M I  len=40
0:950  0:000  Calibrated TSC Frequency = 3696499300 = 3696MHz
0:950  0:000  === [ GetUserSettings ] ===================================
0:950  0:000  Add 1 properties:
0:950  0:000   - [00]: IntelGFX, len: 4
0:950  0:000  USB FixOwnership: yes
0:950  0:000   - final DSDT Fix mask=00009005
0:950  0:000  PatchesDSDT: 3 requested
0:950  0:000   - [00]: (change HDAS to HDEF) lenToFind: 4, lenToReplace: 4, Target Bridge: <null string>
0:950  0:000   - [01]: (change HECI to IMEI) lenToFind: 4, lenToReplace: 4, Target Bridge: <null string>
0:950  0:000   - [02]: (change GFX0 to IGPU) lenToFind: 4, lenToReplace: 4, Target Bridge: <null string>
0:950  0:000  PluginType: 1
0:950  0:000  Using ProductName from config
0:950  0:000  ProductName: iMac18,3
0:950  0:000  Using latest BiosVersion from clover
0:950  0:000  BiosVersion: IM183.88Z.0153.B00.1712141501
0:950  0:000  BiosReleaseDate: 12/14/2017
0:950  0:000  Using FirmwareFeatures from config: 0xFC0FE136
0:950  0:000  Using FirmwareFeaturesMask from config: 0xFF1FFF3F
0:950  0:000  Board-ID set from config as Mac-BE088AF8C5EB4FA2
0:950  0:000  BoardType: 0xA
0:950  0:000  ChassisType: 0x9
0:951  0:000  Converted CustomUUID 714A1DEC-8D5A-4640-953F-C94CDC6AF504
3:496  2:545  === [ ScanVolumes ] =======================================
3:496  0:000  Found 20 volumes with blockIO
3:496  0:000  - [00]: Volume: PciRoot(0x0)\Pci(0x17,0x0)\Sata(0x0,0xFFFF,0x0)
3:496  0:000  - [01]: Volume: PciRoot(0x0)\Pci(0x17,0x0)\Sata(0x1,0xFFFF,0x0)
3:524  0:028  - [02]: Volume: PciRoot(0x0)\Pci(0x17,0x0)\Sata(0x1,0xFFFF,0x0)\HD(1,GPT,3BFCAD87-60DD-4911-9362-D9D8A528405B,0x800,0x82000)
3:532  0:007          Result of bootcode detection: bootable Windows (vista,win)
3:546  0:014  - [03]: Volume: PciRoot(0x0)\Pci(0x17,0x0)\Sata(0x1,0xFFFF,0x0)\HD(2,GPT,6366A64B-8F86-4786-844D-96E975039265,0x82800,0x8000)
3:551  0:005  - [04]: Volume: PciRoot(0x0)\Pci(0x17,0x0)\Sata(0x1,0xFFFF,0x0)\HD(3,GPT,F51EF95A-2C82-4BAC-BD38-E9FA976742E5,0x8A800,0xC800800)
3:564  0:012          Result of bootcode detection: bootable Windows (vista,win)
3:564  0:000  - [05]: Volume: PciRoot(0x0)\Pci(0x17,0x0)\Sata(0x1,0xFFFF,0x0)\HD(4,GPT,FF7B6EBE-7220-4184-A19C-70364EB9A70F,0xC88B000,0x408C7800)
3:578  0:014          Result of bootcode detection: bootable Windows (vista,win)
3:578  0:000  - [06]: Volume: PciRoot(0x0)\Pci(0x17,0x0)\Sata(0x1,0xFFFF,0x0)\HD(5,GPT,47CE75E5-B42C-4B38-A24F-86C7CC7E35BA,0x4D152800,0x249B0000)
3:596  0:018  - [07]: Volume: PciRoot(0x0)\Pci(0x17,0x0)\Sata(0x1,0xFFFF,0x0)\HD(6,GPT,EF09662F-1760-46D9-BC50-7504E2CCF959,0x71B42800,0x63800)
3:619  0:022          Result of bootcode detection: bootable Windows (vista,win)
3:647  0:028          This is SelfVolume !!
3:647  0:000  - [08]: Volume: PciRoot(0x0)\Pci(0x17,0x0)\Sata(0x1,0xFFFF,0x0)\HD(7,GPT,3A9CEF64-4312-4DD2-9154-F21938CB260E,0x71BA6800,0x1F4000)
3:652  0:005          Result of bootcode detection: bootable Windows (vista,win)
3:652  0:000  - [09]: Volume: PciRoot(0x0)\Pci(0x17,0x0)\Sata(0x1,0xFFFF,0x0)\HD(8,GPT,A1DFEEB0-7ED2-4CAF-8D2A-1CA2F0425B9F,0x71D9A800,0x2778000)
3:665  0:012          Result of bootcode detection: bootable Windows (vista,win)
3:665  0:000  - [10]: Volume: PciRoot(0x0)\Pci(0x17,0x0)\Sata(0x1,0xFFFF,0x0)\HD(9,GPT,5F4E706D-5CD8-4FF1-8D2D-E4100C6AE279,0x74512800,0x1F4000)
3:680  0:015          Result of bootcode detection: bootable Windows (vista,win)
3:693  0:013  - [11]: Volume: PciRoot(0x0)\Pci(0x1B,0x4)\Pci(0x0,0x0)\NVMe(0x1,00-00-00-00-00-00-00-00)
3:693  0:000  - [12]: Volume: PciRoot(0x0)\Pci(0x1B,0x4)\Pci(0x0,0x0)\NVMe(0x1,00-00-00-00-00-00-00-00)\HD(1,GPT,626FE995-22D0-4ED0-824A-555915541E19,0x28,0x64000)
3:693  0:000          Result of bootcode detection: bootable unknown (legacy)
3:693  0:000  - [13]: Volume: PciRoot(0x0)\Pci(0x1B,0x4)\Pci(0x0,0x0)\NVMe(0x1,00-00-00-00-00-00-00-00)\HD(2,GPT,C98E23B8-812B-4210-A3B6-063693339213,0x64028,0x16219710)
3:693  0:000          Result of bootcode detection: bootable unknown (legacy)
3:693  0:000  - [14]: Volume: PciRoot(0x0)\Pci(0x1B,0x4)\Pci(0x0,0x0)\NVMe(0x1,00-00-00-00-00-00-00-00)\HD(3,GPT,4C6C1A63-4132-421B-8075-C0E7E6D3CE63,0x1627D738,0x5BABEA0)
3:693  0:000  - [15]: Volume: PciRoot(0x0)\Pci(0x1B,0x4)\Pci(0x0,0x0)\NVMe(0x1,00-00-00-00-00-00-00-00)\HD(4,GPT,8868A707-1F50-40A1-8368-9AD1AF731E7F,0x1BE695D8,0xBAEB0)
3:694  0:000          Result of bootcode detection: bootable unknown (legacy)
3:694  0:000  - [16]: Volume: PciRoot(0x0)\Pci(0x1B,0x4)\Pci(0x0,0x0)\NVMe(0x1,00-00-00-00-00-00-00-00)\HD(2,GPT,C98E23B8-812B-4210-A3B6-063693339213,0x64028,0x16219710)\VenMedia(BE74FCF7-0B7C-49F3-9147-01F4042E6842,343B31AF3D315447A6A448824E641868)
3:694  0:000  - [17]: Volume: PciRoot(0x0)\Pci(0x1B,0x4)\Pci(0x0,0x0)\NVMe(0x1,00-00-00-00-00-00-00-00)\HD(2,GPT,C98E23B8-812B-4210-A3B6-063693339213,0x64028,0x16219710)\VenMedia(BE74FCF7-0B7C-49F3-9147-01F4042E6842,0CC7540B07912231997D800B9D5B5A12)
3:694  0:000  - [18]: Volume: PciRoot(0x0)\Pci(0x1B,0x4)\Pci(0x0,0x0)\NVMe(0x1,00-00-00-00-00-00-00-00)\HD(2,GPT,C98E23B8-812B-4210-A3B6-063693339213,0x64028,0x16219710)\VenMedia(BE74FCF7-0B7C-49F3-9147-01F4042E6842,CCE3276416AE7E4AB0C8A1776B18F2D3)
3:695  0:000  - [19]: Volume: PciRoot(0x0)\Pci(0x1B,0x4)\Pci(0x0,0x0)\NVMe(0x1,00-00-00-00-00-00-00-00)\HD(2,GPT,C98E23B8-812B-4210-A3B6-063693339213,0x64028,0x16219710)\VenMedia(BE74FCF7-0B7C-49F3-9147-01F4042E6842,4984254A749C5141AF14AFD725129E3C)
3:695  0:000  === [ InitTheme ] =========================================
3:727  0:032  Using theme 'Beauty' (EFI\CLOVER\themes\Beauty)
3:727  0:000  OS main and drive as badge
3:727  0:000  Warning! Character width 9 should be even!
3:742  0:015  Loading font from ThemeDir: Success
3:742  0:000  Choosing theme Beauty
3:743  0:000  after NVRAM boot-args=dart=0 darkwake=8 nv_disable=1 -disablegfxfirmware -alcbeta
3:743  0:000  === [ Dump SMC keys from NVRAM ] ==========================
3:743  0:000  found AppleSMC protocol
3:791  0:047  Registered 16 SMC keys
3:792  0:001  === [ ScanLoader ] ========================================
3:792  0:000  - [02]: 'SYSTEM_DRV'
3:803  0:010          AddLoaderEntry for Volume Name=SYSTEM_DRV
3:877  0:073  - [04]: 'Windows'
3:877  0:000  - [05]: 'LENOVO'
3:877  0:000  - [06]: 'mac_back'
3:931  0:054  - [07]: 'EFI_WIN'
3:959  0:027  - [08]: 'WINRE_DRV'
3:959  0:000  - [09]: 'LENOVO_PART'
3:959  0:000  - [10]: 'LRS_ESP'
3:974  0:015  - [12]: 'EFI'
3:975  0:000          AddLoaderEntry for Volume Name=EFI
3:978  0:002  - [14]: 'mac_data'
3:978  0:000  - [15]: 'MAC_EFI'
3:979  0:000  - [16]: 'Preboot'
4:005  0:025          AddLoaderEntry for Volume Name=Preboot
4:023  0:018      Check if volume Is Hibernated:
4:023  0:000      Check sleep image 'by signature':
4:026  0:002      using default sleep image name = \private\var\vm\sleepimage
4:027  0:000      sleepimage not found -> Not Found
4:027  0:000      hibernated: no - sign
4:038  0:010          AddLoaderEntry for Volume Name=Preboot
4:064  0:026  - [17]: 'mac'
4:133  0:069          AddLoaderEntry for Volume Name=mac
4:165  0:032      Check if volume Is Hibernated:
4:165  0:000      Check sleep image 'by signature':
4:216  0:050      read prefs \Library\Preferences\com.apple.PowerManagement.plist status=Success
4:216  0:000      using default sleep image name = \private\var\vm\sleepimage
4:248  0:031      sleepimage not found -> Not Found
4:248  0:000      hibernated: no - sign
4:271  0:023  - [18]: 'Recovery'
4:295  0:023          AddLoaderEntry for Volume Name=Recovery
4:326  0:030  - [19]: 'VM'
4:326  0:000  === [ AddCustomTool ] =====================================
4:336  0:010  === [ GetEfiBootDeviceFromNvram ] =========================
4:337  0:000   - efi-boot-device-data: PciRoot(0x0)\Pci(0x1B,0x4)\Pci(0x0,0x0)\NVMe(0x1,00-00-00-00-00-00-00-00)\HD(2,GPT,C98E23B8-812B-4210-A3B6-063693339213,0x64028,0x16219710)\VenMedia(BE74FCF7-0B7C-49F3-9147-01F4042E6842,0CC7540B07912231997D800B9D5B5A12)
4:337  0:000    - Volume: 'PciRoot(0x0)\Pci(0x1B,0x4)\Pci(0x0,0x0)\NVMe(0x1,00-00-00-00-00-00-00-00)\HD(2,GPT,C98E23B8-812B-4210-A3B6-063693339213,0x64028,0x16219710)\VenMedia(BE74FCF7-0B7C-49F3-9147-01F4042E6842,0CC7540B07912231997D800B9D5B5A12)'
4:337  0:000    - LoaderPath: '<null string>'
4:337  0:000    - Guid = C98E23B8-812B-4210-A3B6-063693339213
4:337  0:000  === [ FindStartupDiskVolume ] =============================
4:337  0:000    - Volume: partition = PciRoot(0x0)\Pci(0x1B,0x4)\Pci(0x0,0x0)\NVMe(0x1,00-00-00-00-00-00-00-00)\HD(2,GPT,C98E23B8-812B-4210-A3B6-063693339213,0x64028,0x16219710)\VenMedia(BE74FCF7-0B7C-49F3-9147-01F4042E6842,0CC7540B07912231997D800B9D5B5A12)
4:337  0:000     - searching for that partition
4:337  0:000      - found entry 4. 'Boot macOS from mac', Volume 'mac'
4:337  0:000  Boot redirected to Entry 4. 'Boot macOS from mac'
4:337  0:000  DefaultIndex=4 and MainMenu.EntryCount=10
4:393  0:056  GUI ready
